<?xml version="1.0" encoding="UTF-8"?>
<!-- Generated by org.testng.reporters.JUnitReportReporter -->
<testsuite hostname="NAZIA-PC" failures="0" tests="2" name="day1seleniumframework.NewTest" time="0.044" errors="0" timestamp="2021-03-03T19:37:15 IST" skipped="0">
  <testcase classname="day1seleniumframework.NewTest" name="f" time="0.031"/>
  <system-out>
Log Messsage from test method f()  </system-out>
  <testcase classname="day1seleniumframework.NewTest" name="f" time="0.013"/>
  <system-out>
Log Messsage from test method f()  </system-out>
</testsuite> <!-- day1seleniumframework.NewTest -->
