<?xml version="1.0" encoding="UTF-8"?>
<!-- Generated by org.testng.reporters.JUnitReportReporter -->
<testsuite hostname="NAZIA-PC" failures="0" tests="1" name="day2testngannotations.ScrollPageTest" time="47.611" errors="0" timestamp="2021-03-05T20:43:14 IST" skipped="0">
  <testcase classname="day2testngannotations.ScrollPageTest" name="f" time="47.611"/>
  <system-out/>
</testsuite> <!-- day2testngannotations.ScrollPageTest -->
