<?xml version="1.0" encoding="UTF-8"?>
<!-- Generated by org.testng.reporters.JUnitReportReporter -->
<testsuite hostname="NAZIA-PC" failures="0" tests="1" name="day2testngannotations.PopupTest" time="28.859" errors="0" timestamp="2021-03-05T20:37:33 IST" skipped="0">
  <testcase classname="day2testngannotations.PopupTest" name="f" time="28.859"/>
  <system-out/>
</testsuite> <!-- day2testngannotations.PopupTest -->
