<?xml version="1.0" encoding="UTF-8"?>
<!-- Generated by org.testng.reporters.JUnitReportReporter -->
<testsuite hostname="NAZIA-PC" failures="0" tests="1" name="day2testngannotations.SendingValueTest" time="14.507" errors="0" timestamp="2021-03-05T20:35:04 IST" skipped="0">
  <testcase classname="day2testngannotations.SendingValueTest" name="f" time="14.507"/>
  <system-out/>
</testsuite> <!-- day2testngannotations.SendingValueTest -->
