<?xml version="1.0" encoding="UTF-8"?>
<!-- Generated by org.testng.reporters.JUnitReportReporter -->
<testsuite hostname="NAZIA-PC" failures="0" tests="1" name="day2testngannotations.BrokenLinkTest" time="93.782" errors="0" timestamp="2021-03-05T20:01:29 IST" skipped="0">
  <testcase classname="day2testngannotations.BrokenLinkTest" name="f" time="93.782"/>
  <system-out/>
</testsuite> <!-- day2testngannotations.BrokenLinkTest -->
