<?xml version="1.0" encoding="UTF-8"?>
<!-- Generated by org.testng.reporters.JUnitReportReporter -->
<testsuite hostname="NAZIA-PC" failures="0" tests="2" name="day2testngannotations.BrowserSizeTest" time="45.652" errors="0" timestamp="2021-03-05T20:06:23 IST" skipped="0">
  <testcase classname="day2testngannotations.BrowserSizeTest" name="f2" time="23.580"/>
  <system-out/>
  <testcase classname="day2testngannotations.BrowserSizeTest" name="f" time="22.072"/>
  <system-out/>
</testsuite> <!-- day2testngannotations.BrowserSizeTest -->
