<?xml version="1.0" encoding="UTF-8"?>
<!-- Generated by org.testng.reporters.JUnitReportReporter -->
<testsuite hostname="NAZIA-PC" failures="0" tests="1" name="day2testngannotations.DragandDropTest" time="21.472" errors="0" timestamp="2021-03-05T20:09:45 IST" skipped="0">
  <testcase classname="day2testngannotations.DragandDropTest" name="f" time="21.472"/>
  <system-out/>
</testsuite> <!-- day2testngannotations.DragandDropTest -->
