<?xml version="1.0" encoding="UTF-8"?>
<!-- Generated by org.testng.reporters.JUnitReportReporter -->
<testsuite hostname="NAZIA-PC" failures="0" tests="1" name="day2testngannotations.PropertyTest" time="12.320" errors="0" timestamp="2021-03-04T19:01:47 IST" skipped="0">
  <testcase classname="day2testngannotations.PropertyTest" name="f" time="12.320"/>
  <system-out/>
</testsuite> <!-- day2testngannotations.PropertyTest -->
