<?xml version="1.0" encoding="UTF-8"?>
<!-- Generated by org.testng.reporters.JUnitReportReporter -->
<testsuite hostname="NAZIA-PC" failures="0" tests="1" name="day2testngannotations.ResultsListTest" time="20.383" errors="0" timestamp="2021-03-05T20:30:35 IST" skipped="0">
  <testcase classname="day2testngannotations.ResultsListTest" name="f" time="20.383"/>
  <system-out/>
</testsuite> <!-- day2testngannotations.ResultsListTest -->
